<?xml version="1.0" encoding="UTF-8"?>
<testng-results ignored="0" total="1" passed="1" failed="0" skipped="0">
  <reporter-output>
    <line>
      <![CDATA[Electronics      Electronics]]>
    </line>
    <line>
      <![CDATA[Stock-000000433        Stock-000000400]]>
    </line>
    <line>
      <![CDATA[Supplier-00000000496        Supplier-00000000496]]>
    </line>
  </reporter-output>
  <suite started-at="2023-12-16T14:27:52 IST" name="Surefire suite" finished-at="2023-12-16T14:29:12 IST" duration-ms="79533">
    <groups>
    </groups>
    <test started-at="2023-12-16T14:27:52 IST" name="Surefire test" finished-at="2023-12-16T14:29:12 IST" duration-ms="79533">
      <class name="driverFactory.AppTest">
        <test-method signature="kickStart()[pri:0, instance:driverFactory.AppTest@290d210d]" started-at="2023-12-16T14:27:53 IST" name="kickStart" finished-at="2023-12-16T14:29:12 IST" duration-ms="79450" status="PASS">
          <reporter-output>
            <line>
              <![CDATA[Electronics      Electronics]]>
            </line>
            <line>
              <![CDATA[Stock-000000433        Stock-000000400]]>
            </line>
            <line>
              <![CDATA[Supplier-00000000496        Supplier-00000000496]]>
            </line>
          </reporter-output>
        </test-method> <!-- kickStart -->
      </class> <!-- driverFactory.AppTest -->
    </test> <!-- Surefire test -->
  </suite> <!-- Surefire suite -->
</testng-results>
